<?xml version="1.0" encoding="UTF-8"?>
<testng-results ignored="0" total="2" passed="2" failed="0" skipped="0">
  <reporter-output>
  </reporter-output>
  <suite started-at="2024-03-18T19:03:06Z" name="Default suite" finished-at="2024-03-18T19:03:11Z" duration-ms="4686">
    <groups>
      <group name="cucumber">
        <method signature="AbstractTestNGCucumberTests.runScenario(io.cucumber.testng.PickleWrapper, io.cucumber.testng.FeatureWrapper)[pri:0, instance:testrunners.CucumberTestRunner@79207381]" name="runScenario" class="io.cucumber.testng.AbstractTestNGCucumberTests"/>
      </group> <!-- cucumber -->
    </groups>
    <test started-at="2024-03-18T19:03:06Z" name="Default test" finished-at="2024-03-18T19:03:11Z" duration-ms="4686">
      <class name="testrunners.CucumberTestRunner">
        <test-method is-config="true" signature="setUpClass(org.testng.ITestContext)[pri:0, instance:testrunners.CucumberTestRunner@79207381]" started-at="2024-03-19T01:03:06Z" name="setUpClass" finished-at="2024-03-19T01:03:07Z" duration-ms="1120" status="PASS">
          <params>
            <param index="0">
              <value>
                <![CDATA[org.testng.TestRunner@1d805aa1]]>
              </value>
            </param>
          </params>
          <reporter-output>
          </reporter-output>
        </test-method> <!-- setUpClass -->
        <test-method signature="runScenario(io.cucumber.testng.PickleWrapper, io.cucumber.testng.FeatureWrapper)[pri:0, instance:testrunners.CucumberTestRunner@79207381]" started-at="2024-03-19T01:03:07Z" name="runScenario" description="Runs Cucumber Scenarios" data-provider="scenarios" finished-at="2024-03-19T01:03:08Z" duration-ms="321" status="PASS">
          <params>
            <param index="0">
              <value>
                <![CDATA["02 Customer successfully place order as a guest user"]]>
              </value>
            </param>
            <param index="1">
              <value>
                <![CDATA["Optional[Cart feature]"]]>
              </value>
            </param>
          </params>
          <reporter-output>
          </reporter-output>
        </test-method> <!-- runScenario -->
        <test-method signature="runScenario(io.cucumber.testng.PickleWrapper, io.cucumber.testng.FeatureWrapper)[pri:0, instance:testrunners.CucumberTestRunner@79207381]" started-at="2024-03-19T01:03:07Z" name="runScenario" description="Runs Cucumber Scenarios" data-provider="scenarios" finished-at="2024-03-19T01:03:08Z" duration-ms="321" status="PASS">
          <params>
            <param index="0">
              <value>
                <![CDATA["01 Customer add products in his shopping cart"]]>
              </value>
            </param>
            <param index="1">
              <value>
                <![CDATA["Optional[Cart feature]"]]>
              </value>
            </param>
          </params>
          <reporter-output>
          </reporter-output>
        </test-method> <!-- runScenario -->
        <test-method is-config="true" signature="tearDownClass()[pri:0, instance:testrunners.CucumberTestRunner@79207381]" started-at="2024-03-19T01:03:08Z" name="tearDownClass" finished-at="2024-03-19T01:03:11Z" duration-ms="3197" status="PASS">
          <reporter-output>
          </reporter-output>
        </test-method> <!-- tearDownClass -->
      </class> <!-- testrunners.CucumberTestRunner -->
    </test> <!-- Default test -->
  </suite> <!-- Default suite -->
</testng-results>
